-------------------------------------------------------------------------------
Test set: mz.sixsense.ShopImplTest
-------------------------------------------------------------------------------
Tests run: 1, Failures: 0, Errors: 1, Skipped: 0, Time elapsed: 0.034 s <<< FAILURE! - in mz.sixsense.ShopImplTest
test3  Time elapsed: 0.034 s  <<< ERROR!
java.util.NoSuchElementException: No value present
	at mz.sixsense.ShopImplTest.test3(ShopImplTest.java:50)

