<?xml version="1.0" encoding="UTF-8"?>
<testsuite xmlns:xsi="http://www.w3.org/2001/XMLSchema-instance" xsi:noNamespaceSchemaLocation="https://maven.apache.org/surefire/maven-surefire-plugin/xsd/surefire-test-report.xsd" name="mz.sixsense.ShopImplTest" time="0.034" tests="1" errors="1" skipped="0" failures="0">
  <properties>
[...]
</properties>
  <testcase name="test3" classname="mz.sixsense.ShopImplTest" time="0.034">
    <error message="No value present" type="java.util.NoSuchElementException">java.util.NoSuchElementException: No value present
	at mz.sixsense.ShopImplTest.test3(ShopImplTest.java:50)
</error>
    <system-out><![CDATA[2022-12-26 16:52:30.829  INFO 1336 --- [           main] .b.t.c.SpringBootTestContextBootstrapper : Neither @ContextConfiguration nor @ContextHierarchy found for test class [mz.sixsense.ShopImplTest], using SpringBootContextLoader
2022-12-26 16:52:30.830  INFO 1336 --- [           main] o.s.t.c.support.AbstractContextLoader    : Could not detect default resource locations for test class [mz.sixsense.ShopImplTest]: no resource found for suffixes {-context.xml, Context.groovy}.
2022-12-26 16:52:30.830  INFO 1336 --- [           main] t.c.s.AnnotationConfigContextLoaderUtils : Could not detect default configuration classes for test class [mz.sixsense.ShopImplTest]: ShopImplTest does not declare any static, non-private, non-final, nested classes annotated with @Configuration.
2022-12-26 16:52:30.833  INFO 1336 --- [           main] .b.t.c.SpringBootTestContextBootstrapper : Found @SpringBootConfiguration mz.sixsense.KkilukLoadApplication for test class mz.sixsense.ShopImplTest
2022-12-26 16:52:30.835  INFO 1336 --- [           main] .b.t.c.SpringBootTestContextBootstrapper : Loaded default TestExecutionListener class names from location [META-INF/spring.factories]: [org.springframework.boot.test.mock.mockito.MockitoTestExecutionListener, org.springframework.boot.test.mock.mockito.ResetMocksTestExecutionListener, org.springframework.boot.test.autoconfigure.restdocs.RestDocsTestExecutionListener, org.springframework.boot.test.autoconfigure.web.client.MockRestServiceServerResetTestExecutionListener, org.springframework.boot.test.autoconfigure.web.servlet.MockMvcPrintOnlyOnFailureTestExecutionListener, org.springframework.boot.test.autoconfigure.web.servlet.WebDriverTestExecutionListener, org.springframework.boot.test.autoconfigure.webservices.client.MockWebServiceServerTestExecutionListener, org.springframework.test.context.web.ServletTestExecutionListener, org.springframework.test.context.support.DirtiesContextBeforeModesTestExecutionListener, org.springframework.test.context.event.ApplicationEventsTestExecutionListener, org.springframework.test.context.support.DependencyInjectionTestExecutionListener, org.springframework.test.context.support.DirtiesContextTestExecutionListener, org.springframework.test.context.transaction.TransactionalTestExecutionListener, org.springframework.test.context.jdbc.SqlScriptsTestExecutionListener, org.springframework.test.context.event.EventPublishingTestExecutionListener, org.springframework.security.test.context.support.WithSecurityContextTestExecutionListener, org.springframework.security.test.context.support.ReactorContextTestExecutionListener]
2022-12-26 16:52:30.836  INFO 1336 --- [           main] .b.t.c.SpringBootTestContextBootstrapper : Using TestExecutionListeners: [org.springframework.test.context.web.ServletTestExecutionListener@1e364cea, org.springframework.test.context.support.DirtiesContextBeforeModesTestExecutionListener@3e3a7482, org.springframework.test.context.event.ApplicationEventsTestExecutionListener@61cbd0c0, org.springframework.boot.test.mock.mockito.MockitoTestExecutionListener@613d4fa6, org.springframework.boot.test.autoconfigure.SpringBootDependencyInjectionTestExecutionListener@4d400e77, org.springframework.test.context.support.DirtiesContextTestExecutionListener@2033fd39, org.springframework.test.context.transaction.TransactionalTestExecutionListener@1f41742f, org.springframework.test.context.jdbc.SqlScriptsTestExecutionListener@148a581e, org.springframework.test.context.event.EventPublishingTestExecutionListener@59f4df4e, org.springframework.security.test.context.support.WithSecurityContextTestExecutionListener@66113b7c, org.springframework.security.test.context.support.ReactorContextTestExecutionListener@7265db9d, org.springframework.boot.test.mock.mockito.ResetMocksTestExecutionListener@34692767, org.springframework.boot.test.autoconfigure.restdocs.RestDocsTestExecutionListener@4b98900b, org.springframework.boot.test.autoconfigure.web.client.MockRestServiceServerResetTestExecutionListener@24bd88df, org.springframework.boot.test.autoconfigure.web.servlet.MockMvcPrintOnlyOnFailureTestExecutionListener@78d816e6, org.springframework.boot.test.autoconfigure.web.servlet.WebDriverTestExecutionListener@5775485, org.springframework.boot.test.autoconfigure.webservices.client.MockWebServiceServerTestExecutionListener@ae094e8]
Hibernate: 
    select
        members0_.memberid as memberid1_6_0_,
        members0_.admin_code as admin_co2_6_0_,
        members0_.birth_date as birth_da3_6_0_,
        members0_.create_date as create_d4_6_0_,
        members0_.email as email5_6_0_,
        members0_.gender as gender6_6_0_,
        members0_.name as name7_6_0_,
        members0_.nick_name as nick_nam8_6_0_,
        members0_.password as password9_6_0_,
        members0_.qr_flag as qr_flag10_6_0_,
        members0_.recent_login as recent_11_6_0_,
        members0_.role as role12_6_0_,
        members0_.total_point as total_p13_6_0_ 
    from
        members members0_ 
    where
        members0_.memberid=?
]]></system-out>
  </testcase>
</testsuite>